<?xml version="1.0" encoding="UTF-8"?>
<robot generator="Robot 5.0.1 (Python 3.10.5 on win32)" generated="20220810 10:52:01.610" rpa="false" schemaversion="3">
<suite id="s1" name="Test" source="C:\Users\kolat\PycharmProjects\RobotFramework\VendorPM\Test">
<suite id="s1-s1" name="RFQprojectfromcreatebutton" source="C:\Users\kolat\PycharmProjects\RobotFramework\VendorPM\Test\RFQprojectfromcreatebutton.robot">
<test id="s1-s1-t1" name="Validate login page" line="19">
<kw name="open the browser with the Stage url" library="Generic" type="SETUP">
<kw name="Create Webdriver" library="SeleniumLibrary">
<arg>Chrome</arg>
<arg>executable_path=C:/Users/kolat/PycharmProjects/RobotFramework/VendorPM/Browser/chromedriver_win32/chromedriver.exe</arg>
<doc>Creates an instance of Selenium WebDriver.</doc>
<msg timestamp="20220810 10:52:01.982" level="INFO">Creating an instance of the Chrome WebDriver.</msg>
<status status="PASS" starttime="20220810 10:52:01.982" endtime="20220810 10:52:05.253"/>
</kw>
<kw name="Go To" library="SeleniumLibrary">
<arg>${url}</arg>
<doc>Navigates the current browser window to the provided ``url``.</doc>
<msg timestamp="20220810 10:52:05.254" level="INFO">Opening url 'https://stage.vendorpm.com/login'</msg>
<status status="PASS" starttime="20220810 10:52:05.254" endtime="20220810 10:52:09.633"/>
</kw>
<status status="PASS" starttime="20220810 10:52:01.981" endtime="20220810 10:52:09.634"/>
</kw>
<kw name="validate page contents">
<kw name="Wait Until Page Contains Element" library="SeleniumLibrary">
<arg>xpath:(//button[@type='submit'])</arg>
<doc>Waits until the element ``locator`` appears on the current page.</doc>
<status status="PASS" starttime="20220810 10:52:09.634" endtime="20220810 10:52:10.209"/>
</kw>
<kw name="Element Text Should Be" library="SeleniumLibrary">
<arg>xpath=//label[@title='Email Address']</arg>
<arg>Email Address</arg>
<doc>Verifies that element ``locator`` contains exact the text ``expected``.</doc>
<msg timestamp="20220810 10:52:10.211" level="INFO">Verifying element 'xpath=//label[@title='Email Address']' contains exact text 'Email Address'.</msg>
<status status="PASS" starttime="20220810 10:52:10.210" endtime="20220810 10:52:10.252"/>
</kw>
<kw name="Element Text Should Be" library="SeleniumLibrary">
<arg>xpath=//label[@title='Password']</arg>
<arg>Password</arg>
<doc>Verifies that element ``locator`` contains exact the text ``expected``.</doc>
<msg timestamp="20220810 10:52:10.254" level="INFO">Verifying element 'xpath=//label[@title='Password']' contains exact text 'Password'.</msg>
<status status="PASS" starttime="20220810 10:52:10.253" endtime="20220810 10:52:10.297"/>
</kw>
<kw name="Page Should Contain Element" library="SeleniumLibrary">
<arg>xpath=//body/div[@id='root']/section[@id='landing-layout']/main/div[@id='login']/div[@id='login-col']/div/div[1]/div[2]</arg>
<doc>Verifies that element ``locator`` is found on the current page.</doc>
<msg timestamp="20220810 10:52:10.312" level="INFO">Current page contains element 'xpath=//body/div[@id='root']/section[@id='landing-layout']/main/div[@id='login']/div[@id='login-col']/div/div[1]/div[2]'.</msg>
<status status="PASS" starttime="20220810 10:52:10.297" endtime="20220810 10:52:10.313"/>
</kw>
<kw name="Page Should Contain Checkbox" library="SeleniumLibrary">
<arg>xpath=//input[@type='checkbox']</arg>
<doc>Verifies checkbox ``locator`` is found from the current page.</doc>
<msg timestamp="20220810 10:52:10.413" level="INFO">Current page contains checkbox 'xpath=//input[@type='checkbox']'.</msg>
<status status="PASS" starttime="20220810 10:52:10.313" endtime="20220810 10:52:10.413"/>
</kw>
<kw name="Page Should Contain Element" library="SeleniumLibrary">
<arg>xpath=//a[@href='/signup']//span</arg>
<doc>Verifies that element ``locator`` is found on the current page.</doc>
<msg timestamp="20220810 10:52:10.465" level="INFO">Current page contains element 'xpath=//a[@href='/signup']//span'.</msg>
<status status="PASS" starttime="20220810 10:52:10.414" endtime="20220810 10:52:10.465"/>
</kw>
<status status="PASS" starttime="20220810 10:52:09.634" endtime="20220810 10:52:10.466"/>
</kw>
<kw name="Login with invalid credentails">
<kw name="Fill the login Form" library="LandingPage">
<arg>${user_name}</arg>
<arg>${invalid_password}</arg>
<kw name="Input Text" library="SeleniumLibrary">
<arg>xpath:(//input[@id='basic_email'])</arg>
<arg>${username}</arg>
<doc>Types the given ``text`` into the text field identified by ``locator``.</doc>
<msg timestamp="20220810 10:52:10.468" level="INFO">Typing text 'testpmenttdel@test.com' into text field 'xpath:(//input[@id='basic_email'])'.</msg>
<status status="PASS" starttime="20220810 10:52:10.467" endtime="20220810 10:52:11.010"/>
</kw>
<kw name="Input Password" library="SeleniumLibrary">
<arg>xpath:(//input[@id='basic_password'])</arg>
<arg>${password}</arg>
<doc>Types the given password into the text field identified by ``locator``.</doc>
<msg timestamp="20220810 10:52:11.011" level="INFO">Typing password into text field 'xpath:(//input[@id='basic_password'])'.</msg>
<msg timestamp="20220810 10:52:11.086" level="INFO">Temporally setting log level to: NONE</msg>
<msg timestamp="20220810 10:52:11.166" level="INFO">Log level changed from NONE to INFO.</msg>
<status status="PASS" starttime="20220810 10:52:11.010" endtime="20220810 10:52:11.167"/>
</kw>
<kw name="Click Button" library="SeleniumLibrary">
<arg>xpath:(//button[@type='submit'])</arg>
<doc>Clicks the button identified by ``locator``.</doc>
<msg timestamp="20220810 10:52:11.167" level="INFO">Clicking button 'xpath:(//button[@type='submit'])'.</msg>
<status status="PASS" starttime="20220810 10:52:11.167" endtime="20220810 10:52:11.294"/>
</kw>
<status status="PASS" starttime="20220810 10:52:10.467" endtime="20220810 10:52:11.294"/>
</kw>
<kw name="wait until Element is located in the page" library="LandingPage">
<kw name="Wait Until Page Contains Element" library="SeleniumLibrary">
<arg>${Error_Message_Login}</arg>
<doc>Waits until the element ``locator`` appears on the current page.</doc>
<status status="PASS" starttime="20220810 10:52:11.296" endtime="20220810 10:52:11.769"/>
</kw>
<status status="PASS" starttime="20220810 10:52:11.295" endtime="20220810 10:52:11.770"/>
</kw>
<kw name="verify error message is correct" library="LandingPage">
<kw name="Get Text" library="SeleniumLibrary">
<var>${result}</var>
<arg>${Error_Message_Login}</arg>
<doc>Returns the text value of the element identified by ``locator``.</doc>
<msg timestamp="20220810 10:52:11.802" level="INFO">${result} = Incorrect email or password. Reset your password?</msg>
<status status="PASS" starttime="20220810 10:52:11.771" endtime="20220810 10:52:11.802"/>
</kw>
<kw name="Should Be Equal As Strings" library="BuiltIn">
<arg>${result}</arg>
<arg>Incorrect email or password. Reset your password?</arg>
<doc>Fails if objects are unequal after converting them to strings.</doc>
<status status="PASS" starttime="20220810 10:52:11.802" endtime="20220810 10:52:11.803"/>
</kw>
<kw name="Element Text Should Be" library="SeleniumLibrary">
<arg>${Error_Message_Login}</arg>
<arg>Incorrect email or password. Reset your password?</arg>
<doc>Verifies that element ``locator`` contains exact the text ``expected``.</doc>
<msg timestamp="20220810 10:52:11.803" level="INFO">Verifying element 'xpath:(//div[@role='alert'])' contains exact text 'Incorrect email or password. Reset your password?'.</msg>
<status status="PASS" starttime="20220810 10:52:11.803" endtime="20220810 10:52:11.831"/>
</kw>
<status status="PASS" starttime="20220810 10:52:11.770" endtime="20220810 10:52:11.832"/>
</kw>
<status status="PASS" starttime="20220810 10:52:10.466" endtime="20220810 10:52:11.832"/>
</kw>
<kw name="Login with valid credentails">
<kw name="Reload Page" library="SeleniumLibrary">
<doc>Simulates user reloading page.</doc>
<status status="PASS" starttime="20220810 10:52:11.833" endtime="20220810 10:52:11.945"/>
</kw>
<kw name="Wait Until Page Contains Element" library="SeleniumLibrary">
<arg>xpath:(//button[@type='submit'])</arg>
<doc>Waits until the element ``locator`` appears on the current page.</doc>
<status status="PASS" starttime="20220810 10:52:11.945" endtime="20220810 10:52:16.449"/>
</kw>
<kw name="Fill the login Form" library="LandingPage">
<arg>${user_name}</arg>
<arg>${valid_password}</arg>
<kw name="Input Text" library="SeleniumLibrary">
<arg>xpath:(//input[@id='basic_email'])</arg>
<arg>${username}</arg>
<doc>Types the given ``text`` into the text field identified by ``locator``.</doc>
<msg timestamp="20220810 10:52:16.451" level="INFO">Typing text 'testpmenttdel@test.com' into text field 'xpath:(//input[@id='basic_email'])'.</msg>
<status status="PASS" starttime="20220810 10:52:16.450" endtime="20220810 10:52:17.019"/>
</kw>
<kw name="Input Password" library="SeleniumLibrary">
<arg>xpath:(//input[@id='basic_password'])</arg>
<arg>${password}</arg>
<doc>Types the given password into the text field identified by ``locator``.</doc>
<msg timestamp="20220810 10:52:17.020" level="INFO">Typing password into text field 'xpath:(//input[@id='basic_password'])'.</msg>
<msg timestamp="20220810 10:52:17.315" level="INFO">Temporally setting log level to: NONE</msg>
<msg timestamp="20220810 10:52:17.469" level="INFO">Log level changed from NONE to INFO.</msg>
<status status="PASS" starttime="20220810 10:52:17.019" endtime="20220810 10:52:17.469"/>
</kw>
<kw name="Click Button" library="SeleniumLibrary">
<arg>xpath:(//button[@type='submit'])</arg>
<doc>Clicks the button identified by ``locator``.</doc>
<msg timestamp="20220810 10:52:17.470" level="INFO">Clicking button 'xpath:(//button[@type='submit'])'.</msg>
<status status="PASS" starttime="20220810 10:52:17.470" endtime="20220810 10:52:17.646"/>
</kw>
<status status="PASS" starttime="20220810 10:52:16.449" endtime="20220810 10:52:17.647"/>
</kw>
<status status="PASS" starttime="20220810 10:52:11.832" endtime="20220810 10:52:17.647"/>
</kw>
<kw name="verify page contents on dashboard">
<kw name="wait until Element is located in the page" library="DashboardPage">
<kw name="Wait Until Page Contains Element" library="SeleniumLibrary">
<arg>${Valid_Message_Login}</arg>
<doc>Waits until the element ``locator`` appears on the current page.</doc>
<msg timestamp="20220810 10:52:22.922" level="INFO" html="true">&lt;/td&gt;&lt;/tr&gt;&lt;tr&gt;&lt;td colspan="3"&gt;&lt;a href="selenium-screenshot-1.png"&gt;&lt;img src="selenium-screenshot-1.png" width="800px"&gt;&lt;/a&gt;</msg>
<msg timestamp="20220810 10:52:22.923" level="FAIL">Element 'xpath:(//section[@id='pm-dashboard']//div//div//div//h1)' did not appear in 5 seconds.</msg>
<status status="FAIL" starttime="20220810 10:52:17.648" endtime="20220810 10:52:22.944"/>
</kw>
<status status="FAIL" starttime="20220810 10:52:17.647" endtime="20220810 10:52:22.945"/>
</kw>
<status status="FAIL" starttime="20220810 10:52:17.647" endtime="20220810 10:52:22.946"/>
</kw>
<kw name="Initiate RFQ from Dashboard">
<status status="NOT RUN" starttime="20220810 10:52:22.946" endtime="20220810 10:52:22.947"/>
</kw>
<kw name="Fill the RFQ Get Started">
<status status="NOT RUN" starttime="20220810 10:52:22.947" endtime="20220810 10:52:22.947"/>
</kw>
<kw name="Fill the Dates">
<status status="NOT RUN" starttime="20220810 10:52:22.947" endtime="20220810 10:52:22.948"/>
</kw>
<kw name="Verify Scope of Work">
<status status="NOT RUN" starttime="20220810 10:52:22.948" endtime="20220810 10:52:22.948"/>
</kw>
<kw name="Fill the Scope of Work">
<status status="NOT RUN" starttime="20220810 10:52:22.948" endtime="20220810 10:52:22.948"/>
</kw>
<kw name="Select Vendors">
<status status="NOT RUN" starttime="20220810 10:52:22.948" endtime="20220810 10:52:22.949"/>
</kw>
<kw name="Review and Submit">
<status status="NOT RUN" starttime="20220810 10:52:22.949" endtime="20220810 10:52:22.949"/>
</kw>
<status status="FAIL" starttime="20220810 10:52:01.980" endtime="20220810 10:52:22.951">Element 'xpath:(//section[@id='pm-dashboard']//div//div//div//h1)' did not appear in 5 seconds.</status>
</test>
<doc>To validate the login page</doc>
<status status="FAIL" starttime="20220810 10:52:01.656" endtime="20220810 10:52:22.952"/>
</suite>
<status status="FAIL" starttime="20220810 10:52:01.620" endtime="20220810 10:52:22.953"/>
</suite>
<statistics>
<total>
<stat pass="0" fail="1" skip="0">All Tests</stat>
</total>
<tag>
</tag>
<suite>
<stat pass="0" fail="1" skip="0" id="s1" name="Test">Test</stat>
<stat pass="0" fail="1" skip="0" id="s1-s1" name="RFQprojectfromcreatebutton">Test.RFQprojectfromcreatebutton</stat>
</suite>
</statistics>
<errors>
</errors>
</robot>
