<?xml version="1.0" encoding="UTF-8"?>
<robot generator="Robot 5.0.1 (Python 3.10.5 on win32)" generated="20220810 10:52:01.677" rpa="false" schemaversion="3">
<suite id="s1" name="Test" source="C:\Users\kolat\PycharmProjects\RobotFramework\VendorPM\Test">
<suite id="s1-s1" name="RFQprojectfromcreatebuttondraftcontract" source="C:\Users\kolat\PycharmProjects\RobotFramework\VendorPM\Test\RFQprojectfromcreatebuttondraftcontract.robot">
<test id="s1-s1-t1" name="Validate login page" line="21">
<kw name="open the browser with the Stage url" library="Generic" type="SETUP">
<kw name="Create Webdriver" library="SeleniumLibrary">
<arg>Chrome</arg>
<arg>executable_path=C:/Users/kolat/PycharmProjects/RobotFramework/VendorPM/Browser/chromedriver_win32/chromedriver.exe</arg>
<doc>Creates an instance of Selenium WebDriver.</doc>
<msg timestamp="20220810 10:52:02.065" level="INFO">Creating an instance of the Chrome WebDriver.</msg>
<status status="PASS" starttime="20220810 10:52:02.065" endtime="20220810 10:52:05.064"/>
</kw>
<kw name="Go To" library="SeleniumLibrary">
<arg>${url}</arg>
<doc>Navigates the current browser window to the provided ``url``.</doc>
<msg timestamp="20220810 10:52:05.065" level="INFO">Opening url 'https://stage.vendorpm.com/login'</msg>
<status status="PASS" starttime="20220810 10:52:05.064" endtime="20220810 10:52:11.833"/>
</kw>
<status status="PASS" starttime="20220810 10:52:02.064" endtime="20220810 10:52:11.834"/>
</kw>
<kw name="validate page contents">
<kw name="Wait Until Page Contains Element" library="SeleniumLibrary">
<arg>xpath:(//button[@type='submit'])</arg>
<doc>Waits until the element ``locator`` appears on the current page.</doc>
<status status="PASS" starttime="20220810 10:52:11.835" endtime="20220810 10:52:11.864"/>
</kw>
<kw name="Element Text Should Be" library="SeleniumLibrary">
<arg>xpath=//label[@title='Email Address']</arg>
<arg>Email Address</arg>
<doc>Verifies that element ``locator`` contains exact the text ``expected``.</doc>
<msg timestamp="20220810 10:52:11.865" level="INFO">Verifying element 'xpath=//label[@title='Email Address']' contains exact text 'Email Address'.</msg>
<status status="PASS" starttime="20220810 10:52:11.864" endtime="20220810 10:52:11.898"/>
</kw>
<kw name="Element Text Should Be" library="SeleniumLibrary">
<arg>xpath=//label[@title='Password']</arg>
<arg>Password</arg>
<doc>Verifies that element ``locator`` contains exact the text ``expected``.</doc>
<msg timestamp="20220810 10:52:11.899" level="INFO">Verifying element 'xpath=//label[@title='Password']' contains exact text 'Password'.</msg>
<status status="PASS" starttime="20220810 10:52:11.899" endtime="20220810 10:52:11.933"/>
</kw>
<kw name="Page Should Contain Element" library="SeleniumLibrary">
<arg>xpath=//body/div[@id='root']/section[@id='landing-layout']/main/div[@id='login']/div[@id='login-col']/div/div[1]/div[2]</arg>
<doc>Verifies that element ``locator`` is found on the current page.</doc>
<msg timestamp="20220810 10:52:11.947" level="INFO">Current page contains element 'xpath=//body/div[@id='root']/section[@id='landing-layout']/main/div[@id='login']/div[@id='login-col']/div/div[1]/div[2]'.</msg>
<status status="PASS" starttime="20220810 10:52:11.933" endtime="20220810 10:52:11.947"/>
</kw>
<kw name="Page Should Contain Checkbox" library="SeleniumLibrary">
<arg>xpath=//input[@type='checkbox']</arg>
<doc>Verifies checkbox ``locator`` is found from the current page.</doc>
<msg timestamp="20220810 10:52:11.983" level="INFO">Current page contains checkbox 'xpath=//input[@type='checkbox']'.</msg>
<status status="PASS" starttime="20220810 10:52:11.947" endtime="20220810 10:52:11.983"/>
</kw>
<kw name="Page Should Contain Element" library="SeleniumLibrary">
<arg>xpath=//a[@href='/signup']//span</arg>
<doc>Verifies that element ``locator`` is found on the current page.</doc>
<msg timestamp="20220810 10:52:12.000" level="INFO">Current page contains element 'xpath=//a[@href='/signup']//span'.</msg>
<status status="PASS" starttime="20220810 10:52:11.983" endtime="20220810 10:52:12.001"/>
</kw>
<status status="PASS" starttime="20220810 10:52:11.834" endtime="20220810 10:52:12.001"/>
</kw>
<kw name="Login with invalid credentails">
<kw name="Fill the login Form" library="LandingPage">
<arg>${user_name}</arg>
<arg>${invalid_password}</arg>
<kw name="Input Text" library="SeleniumLibrary">
<arg>xpath:(//input[@id='basic_email'])</arg>
<arg>${username}</arg>
<doc>Types the given ``text`` into the text field identified by ``locator``.</doc>
<msg timestamp="20220810 10:52:12.003" level="INFO">Typing text 'testpmenttdel@test.com' into text field 'xpath:(//input[@id='basic_email'])'.</msg>
<status status="PASS" starttime="20220810 10:52:12.003" endtime="20220810 10:52:12.279"/>
</kw>
<kw name="Input Password" library="SeleniumLibrary">
<arg>xpath:(//input[@id='basic_password'])</arg>
<arg>${password}</arg>
<doc>Types the given password into the text field identified by ``locator``.</doc>
<msg timestamp="20220810 10:52:12.279" level="INFO">Typing password into text field 'xpath:(//input[@id='basic_password'])'.</msg>
<msg timestamp="20220810 10:52:12.352" level="INFO">Temporally setting log level to: NONE</msg>
<msg timestamp="20220810 10:52:12.466" level="INFO">Log level changed from NONE to INFO.</msg>
<status status="PASS" starttime="20220810 10:52:12.279" endtime="20220810 10:52:12.466"/>
</kw>
<kw name="Click Button" library="SeleniumLibrary">
<arg>xpath:(//button[@type='submit'])</arg>
<doc>Clicks the button identified by ``locator``.</doc>
<msg timestamp="20220810 10:52:12.467" level="INFO">Clicking button 'xpath:(//button[@type='submit'])'.</msg>
<status status="PASS" starttime="20220810 10:52:12.467" endtime="20220810 10:52:12.737"/>
</kw>
<status status="PASS" starttime="20220810 10:52:12.002" endtime="20220810 10:52:12.738"/>
</kw>
<kw name="wait until Element is located in the page" library="LandingPage">
<kw name="Wait Until Page Contains Element" library="SeleniumLibrary">
<arg>${Error_Message_Login}</arg>
<doc>Waits until the element ``locator`` appears on the current page.</doc>
<status status="PASS" starttime="20220810 10:52:12.739" endtime="20220810 10:52:13.343"/>
</kw>
<status status="PASS" starttime="20220810 10:52:12.738" endtime="20220810 10:52:13.343"/>
</kw>
<kw name="verify error message is correct" library="LandingPage">
<kw name="Get Text" library="SeleniumLibrary">
<var>${result}</var>
<arg>${Error_Message_Login}</arg>
<doc>Returns the text value of the element identified by ``locator``.</doc>
<msg timestamp="20220810 10:52:14.475" level="INFO">${result} = Incorrect email or password. Reset your password?</msg>
<status status="PASS" starttime="20220810 10:52:13.345" endtime="20220810 10:52:14.475"/>
</kw>
<kw name="Should Be Equal As Strings" library="BuiltIn">
<arg>${result}</arg>
<arg>Incorrect email or password. Reset your password?</arg>
<doc>Fails if objects are unequal after converting them to strings.</doc>
<status status="PASS" starttime="20220810 10:52:14.476" endtime="20220810 10:52:14.476"/>
</kw>
<kw name="Element Text Should Be" library="SeleniumLibrary">
<arg>${Error_Message_Login}</arg>
<arg>Incorrect email or password. Reset your password?</arg>
<doc>Verifies that element ``locator`` contains exact the text ``expected``.</doc>
<msg timestamp="20220810 10:52:14.476" level="INFO">Verifying element 'xpath:(//div[@role='alert'])' contains exact text 'Incorrect email or password. Reset your password?'.</msg>
<status status="PASS" starttime="20220810 10:52:14.476" endtime="20220810 10:52:14.721"/>
</kw>
<status status="PASS" starttime="20220810 10:52:13.344" endtime="20220810 10:52:14.722"/>
</kw>
<status status="PASS" starttime="20220810 10:52:12.001" endtime="20220810 10:52:14.723"/>
</kw>
<kw name="Login with valid credentails">
<kw name="Reload Page" library="SeleniumLibrary">
<doc>Simulates user reloading page.</doc>
<status status="PASS" starttime="20220810 10:52:14.724" endtime="20220810 10:52:14.893"/>
</kw>
<kw name="Wait Until Page Contains Element" library="SeleniumLibrary">
<arg>xpath:(//button[@type='submit'])</arg>
<doc>Waits until the element ``locator`` appears on the current page.</doc>
<status status="PASS" starttime="20220810 10:52:14.894" endtime="20220810 10:52:18.470"/>
</kw>
<kw name="Fill the login Form" library="LandingPage">
<arg>${user_name}</arg>
<arg>${valid_password}</arg>
<kw name="Input Text" library="SeleniumLibrary">
<arg>xpath:(//input[@id='basic_email'])</arg>
<arg>${username}</arg>
<doc>Types the given ``text`` into the text field identified by ``locator``.</doc>
<msg timestamp="20220810 10:52:18.474" level="INFO">Typing text 'testpmenttdel@test.com' into text field 'xpath:(//input[@id='basic_email'])'.</msg>
<status status="PASS" starttime="20220810 10:52:18.473" endtime="20220810 10:52:18.714"/>
</kw>
<kw name="Input Password" library="SeleniumLibrary">
<arg>xpath:(//input[@id='basic_password'])</arg>
<arg>${password}</arg>
<doc>Types the given password into the text field identified by ``locator``.</doc>
<msg timestamp="20220810 10:52:18.716" level="INFO">Typing password into text field 'xpath:(//input[@id='basic_password'])'.</msg>
<msg timestamp="20220810 10:52:18.781" level="INFO">Temporally setting log level to: NONE</msg>
<msg timestamp="20220810 10:52:18.913" level="INFO">Log level changed from NONE to INFO.</msg>
<status status="PASS" starttime="20220810 10:52:18.715" endtime="20220810 10:52:18.913"/>
</kw>
<kw name="Click Button" library="SeleniumLibrary">
<arg>xpath:(//button[@type='submit'])</arg>
<doc>Clicks the button identified by ``locator``.</doc>
<msg timestamp="20220810 10:52:18.914" level="INFO">Clicking button 'xpath:(//button[@type='submit'])'.</msg>
<status status="PASS" starttime="20220810 10:52:18.913" endtime="20220810 10:52:19.080"/>
</kw>
<status status="PASS" starttime="20220810 10:52:18.471" endtime="20220810 10:52:19.081"/>
</kw>
<status status="PASS" starttime="20220810 10:52:14.723" endtime="20220810 10:52:19.081"/>
</kw>
<kw name="verify page contents on dashboard">
<kw name="wait until Element is located in the page" library="DashboardPage">
<kw name="Wait Until Page Contains Element" library="SeleniumLibrary">
<arg>${Valid_Message_Login}</arg>
<doc>Waits until the element ``locator`` appears on the current page.</doc>
<msg timestamp="20220810 10:52:24.388" level="INFO" html="true">&lt;/td&gt;&lt;/tr&gt;&lt;tr&gt;&lt;td colspan="3"&gt;&lt;a href="selenium-screenshot-1.png"&gt;&lt;img src="selenium-screenshot-1.png" width="800px"&gt;&lt;/a&gt;</msg>
<msg timestamp="20220810 10:52:24.389" level="FAIL">Element 'xpath:(//section[@id='pm-dashboard']//div//div//div//h1)' did not appear in 5 seconds.</msg>
<status status="FAIL" starttime="20220810 10:52:19.083" endtime="20220810 10:52:24.408"/>
</kw>
<status status="FAIL" starttime="20220810 10:52:19.082" endtime="20220810 10:52:24.410"/>
</kw>
<status status="FAIL" starttime="20220810 10:52:19.081" endtime="20220810 10:52:24.411"/>
</kw>
<kw name="Initiate RFQ from Dashboard">
<status status="NOT RUN" starttime="20220810 10:52:24.411" endtime="20220810 10:52:24.412"/>
</kw>
<kw name="Fill the RFQ Get Started">
<status status="NOT RUN" starttime="20220810 10:52:24.412" endtime="20220810 10:52:24.412"/>
</kw>
<kw name="Opening Draft">
<status status="NOT RUN" starttime="20220810 10:52:24.412" endtime="20220810 10:52:24.413"/>
</kw>
<kw name="Fill the Dates">
<status status="NOT RUN" starttime="20220810 10:52:24.413" endtime="20220810 10:52:24.413"/>
</kw>
<kw name="Verify Scope of Work">
<status status="NOT RUN" starttime="20220810 10:52:24.413" endtime="20220810 10:52:24.413"/>
</kw>
<kw name="Fill the Scope of Work">
<status status="NOT RUN" starttime="20220810 10:52:24.413" endtime="20220810 10:52:24.413"/>
</kw>
<kw name="Select Vendors">
<status status="NOT RUN" starttime="20220810 10:52:24.413" endtime="20220810 10:52:24.414"/>
</kw>
<kw name="Review and Submit">
<status status="NOT RUN" starttime="20220810 10:52:24.414" endtime="20220810 10:52:24.414"/>
</kw>
<status status="FAIL" starttime="20220810 10:52:02.063" endtime="20220810 10:52:24.415">Element 'xpath:(//section[@id='pm-dashboard']//div//div//div//h1)' did not appear in 5 seconds.</status>
</test>
<doc>To validate the login page</doc>
<status status="FAIL" starttime="20220810 10:52:01.710" endtime="20220810 10:52:24.416"/>
</suite>
<status status="FAIL" starttime="20220810 10:52:01.689" endtime="20220810 10:52:24.418"/>
</suite>
<statistics>
<total>
<stat pass="0" fail="1" skip="0">All Tests</stat>
</total>
<tag>
</tag>
<suite>
<stat pass="0" fail="1" skip="0" id="s1" name="Test">Test</stat>
<stat pass="0" fail="1" skip="0" id="s1-s1" name="RFQprojectfromcreatebuttondraftcontract">Test.RFQprojectfromcreatebuttondraftcontract</stat>
</suite>
</statistics>
<errors>
</errors>
</robot>
