<?xml version="1.0" encoding="UTF-8"?>
<robot generator="Robot 5.0.1 (Python 3.10.5 on win32)" generated="20220810 10:52:01.536" rpa="false" schemaversion="3">
<suite id="s1" name="Test" source="C:\Users\kolat\PycharmProjects\RobotFramework\VendorPM\Test">
<suite id="s1-s1" name="MarketPlaceRFQonetime" source="C:\Users\kolat\PycharmProjects\RobotFramework\VendorPM\Test\MarketPlaceRFQonetime.robot">
<test id="s1-s1-t1" name="Validate login page" line="20">
<kw name="open the browser with the Stage url" library="Generic" type="SETUP">
<kw name="Create Webdriver" library="SeleniumLibrary">
<arg>Chrome</arg>
<arg>executable_path=C:/Users/kolat/PycharmProjects/RobotFramework/VendorPM/Browser/chromedriver_win32/chromedriver.exe</arg>
<doc>Creates an instance of Selenium WebDriver.</doc>
<msg timestamp="20220810 10:52:01.971" level="INFO">Creating an instance of the Chrome WebDriver.</msg>
<status status="PASS" starttime="20220810 10:52:01.971" endtime="20220810 10:52:05.253"/>
</kw>
<kw name="Go To" library="SeleniumLibrary">
<arg>${url}</arg>
<doc>Navigates the current browser window to the provided ``url``.</doc>
<msg timestamp="20220810 10:52:05.254" level="INFO">Opening url 'https://stage.vendorpm.com/login'</msg>
<status status="PASS" starttime="20220810 10:52:05.254" endtime="20220810 10:52:10.219"/>
</kw>
<status status="PASS" starttime="20220810 10:52:01.970" endtime="20220810 10:52:10.219"/>
</kw>
<kw name="validate page contents">
<kw name="Wait Until Page Contains Element" library="SeleniumLibrary">
<arg>xpath:(//button[@type='submit'])</arg>
<doc>Waits until the element ``locator`` appears on the current page.</doc>
<status status="PASS" starttime="20220810 10:52:10.220" endtime="20220810 10:52:11.764"/>
</kw>
<kw name="Element Text Should Be" library="SeleniumLibrary">
<arg>xpath=//label[@title='Email Address']</arg>
<arg>Email Address</arg>
<doc>Verifies that element ``locator`` contains exact the text ``expected``.</doc>
<msg timestamp="20220810 10:52:11.765" level="INFO">Verifying element 'xpath=//label[@title='Email Address']' contains exact text 'Email Address'.</msg>
<status status="PASS" starttime="20220810 10:52:11.764" endtime="20220810 10:52:11.800"/>
</kw>
<kw name="Element Text Should Be" library="SeleniumLibrary">
<arg>xpath=//label[@title='Password']</arg>
<arg>Password</arg>
<doc>Verifies that element ``locator`` contains exact the text ``expected``.</doc>
<msg timestamp="20220810 10:52:11.801" level="INFO">Verifying element 'xpath=//label[@title='Password']' contains exact text 'Password'.</msg>
<status status="PASS" starttime="20220810 10:52:11.801" endtime="20220810 10:52:11.846"/>
</kw>
<kw name="Page Should Contain Element" library="SeleniumLibrary">
<arg>xpath=//body/div[@id='root']/section[@id='landing-layout']/main/div[@id='login']/div[@id='login-col']/div/div[1]/div[2]</arg>
<doc>Verifies that element ``locator`` is found on the current page.</doc>
<msg timestamp="20220810 10:52:11.879" level="INFO">Current page contains element 'xpath=//body/div[@id='root']/section[@id='landing-layout']/main/div[@id='login']/div[@id='login-col']/div/div[1]/div[2]'.</msg>
<status status="PASS" starttime="20220810 10:52:11.847" endtime="20220810 10:52:11.879"/>
</kw>
<kw name="Page Should Contain Checkbox" library="SeleniumLibrary">
<arg>xpath=//input[@type='checkbox']</arg>
<doc>Verifies checkbox ``locator`` is found from the current page.</doc>
<msg timestamp="20220810 10:52:11.916" level="INFO">Current page contains checkbox 'xpath=//input[@type='checkbox']'.</msg>
<status status="PASS" starttime="20220810 10:52:11.879" endtime="20220810 10:52:11.916"/>
</kw>
<kw name="Page Should Contain Element" library="SeleniumLibrary">
<arg>xpath=//a[@href='/signup']//span</arg>
<doc>Verifies that element ``locator`` is found on the current page.</doc>
<msg timestamp="20220810 10:52:11.932" level="INFO">Current page contains element 'xpath=//a[@href='/signup']//span'.</msg>
<status status="PASS" starttime="20220810 10:52:11.916" endtime="20220810 10:52:11.932"/>
</kw>
<status status="PASS" starttime="20220810 10:52:10.220" endtime="20220810 10:52:11.933"/>
</kw>
<kw name="Login with invalid credentails">
<kw name="Fill the login Form" library="LandingPage">
<arg>${user_name}</arg>
<arg>${invalid_password}</arg>
<kw name="Input Text" library="SeleniumLibrary">
<arg>xpath:(//input[@id='basic_email'])</arg>
<arg>${username}</arg>
<doc>Types the given ``text`` into the text field identified by ``locator``.</doc>
<msg timestamp="20220810 10:52:11.935" level="INFO">Typing text 'testpmenttdel@test.com' into text field 'xpath:(//input[@id='basic_email'])'.</msg>
<status status="PASS" starttime="20220810 10:52:11.935" endtime="20220810 10:52:12.192"/>
</kw>
<kw name="Input Password" library="SeleniumLibrary">
<arg>xpath:(//input[@id='basic_password'])</arg>
<arg>${password}</arg>
<doc>Types the given password into the text field identified by ``locator``.</doc>
<msg timestamp="20220810 10:52:12.193" level="INFO">Typing password into text field 'xpath:(//input[@id='basic_password'])'.</msg>
<msg timestamp="20220810 10:52:12.254" level="INFO">Temporally setting log level to: NONE</msg>
<msg timestamp="20220810 10:52:12.496" level="INFO">Log level changed from NONE to INFO.</msg>
<status status="PASS" starttime="20220810 10:52:12.192" endtime="20220810 10:52:12.497"/>
</kw>
<kw name="Click Button" library="SeleniumLibrary">
<arg>xpath:(//button[@type='submit'])</arg>
<doc>Clicks the button identified by ``locator``.</doc>
<msg timestamp="20220810 10:52:12.498" level="INFO">Clicking button 'xpath:(//button[@type='submit'])'.</msg>
<status status="PASS" starttime="20220810 10:52:12.497" endtime="20220810 10:52:12.822"/>
</kw>
<status status="PASS" starttime="20220810 10:52:11.934" endtime="20220810 10:52:12.823"/>
</kw>
<kw name="wait until Element is located in the page" library="LandingPage">
<kw name="Wait Until Page Contains Element" library="SeleniumLibrary">
<arg>${Error_Message_Login}</arg>
<doc>Waits until the element ``locator`` appears on the current page.</doc>
<status status="PASS" starttime="20220810 10:52:12.824" endtime="20220810 10:52:13.328"/>
</kw>
<status status="PASS" starttime="20220810 10:52:12.823" endtime="20220810 10:52:13.328"/>
</kw>
<kw name="verify error message is correct" library="LandingPage">
<kw name="Get Text" library="SeleniumLibrary">
<var>${result}</var>
<arg>${Error_Message_Login}</arg>
<doc>Returns the text value of the element identified by ``locator``.</doc>
<msg timestamp="20220810 10:52:14.128" level="INFO">${result} = Incorrect email or password. Reset your password?</msg>
<status status="PASS" starttime="20220810 10:52:13.330" endtime="20220810 10:52:14.129"/>
</kw>
<kw name="Should Be Equal As Strings" library="BuiltIn">
<arg>${result}</arg>
<arg>Incorrect email or password. Reset your password?</arg>
<doc>Fails if objects are unequal after converting them to strings.</doc>
<status status="PASS" starttime="20220810 10:52:14.129" endtime="20220810 10:52:14.130"/>
</kw>
<kw name="Element Text Should Be" library="SeleniumLibrary">
<arg>${Error_Message_Login}</arg>
<arg>Incorrect email or password. Reset your password?</arg>
<doc>Verifies that element ``locator`` contains exact the text ``expected``.</doc>
<msg timestamp="20220810 10:52:14.131" level="INFO">Verifying element 'xpath:(//div[@role='alert'])' contains exact text 'Incorrect email or password. Reset your password?'.</msg>
<status status="PASS" starttime="20220810 10:52:14.130" endtime="20220810 10:52:14.683"/>
</kw>
<status status="PASS" starttime="20220810 10:52:13.329" endtime="20220810 10:52:14.683"/>
</kw>
<status status="PASS" starttime="20220810 10:52:11.933" endtime="20220810 10:52:14.683"/>
</kw>
<kw name="Login with valid credentails">
<kw name="Reload Page" library="SeleniumLibrary">
<doc>Simulates user reloading page.</doc>
<status status="PASS" starttime="20220810 10:52:14.684" endtime="20220810 10:52:14.869"/>
</kw>
<kw name="Wait Until Page Contains Element" library="SeleniumLibrary">
<arg>xpath:(//button[@type='submit'])</arg>
<doc>Waits until the element ``locator`` appears on the current page.</doc>
<status status="PASS" starttime="20220810 10:52:14.869" endtime="20220810 10:52:18.220"/>
</kw>
<kw name="Fill the login Form" library="LandingPage">
<arg>${user_name}</arg>
<arg>${valid_password}</arg>
<kw name="Input Text" library="SeleniumLibrary">
<arg>xpath:(//input[@id='basic_email'])</arg>
<arg>${username}</arg>
<doc>Types the given ``text`` into the text field identified by ``locator``.</doc>
<msg timestamp="20220810 10:52:18.223" level="INFO">Typing text 'testpmenttdel@test.com' into text field 'xpath:(//input[@id='basic_email'])'.</msg>
<status status="PASS" starttime="20220810 10:52:18.223" endtime="20220810 10:52:18.493"/>
</kw>
<kw name="Input Password" library="SeleniumLibrary">
<arg>xpath:(//input[@id='basic_password'])</arg>
<arg>${password}</arg>
<doc>Types the given password into the text field identified by ``locator``.</doc>
<msg timestamp="20220810 10:52:18.495" level="INFO">Typing password into text field 'xpath:(//input[@id='basic_password'])'.</msg>
<msg timestamp="20220810 10:52:18.561" level="INFO">Temporally setting log level to: NONE</msg>
<msg timestamp="20220810 10:52:18.664" level="INFO">Log level changed from NONE to INFO.</msg>
<status status="PASS" starttime="20220810 10:52:18.494" endtime="20220810 10:52:18.665"/>
</kw>
<kw name="Click Button" library="SeleniumLibrary">
<arg>xpath:(//button[@type='submit'])</arg>
<doc>Clicks the button identified by ``locator``.</doc>
<msg timestamp="20220810 10:52:18.666" level="INFO">Clicking button 'xpath:(//button[@type='submit'])'.</msg>
<status status="PASS" starttime="20220810 10:52:18.665" endtime="20220810 10:52:18.795"/>
</kw>
<status status="PASS" starttime="20220810 10:52:18.220" endtime="20220810 10:52:18.796"/>
</kw>
<status status="PASS" starttime="20220810 10:52:14.684" endtime="20220810 10:52:18.796"/>
</kw>
<kw name="Verify page contents on Dashbaord" library="Marketplace">
<kw name="Maximize Browser Window" library="SeleniumLibrary">
<doc>Maximizes current browser window.</doc>
<status status="PASS" starttime="20220810 10:52:18.797" endtime="20220810 10:52:19.009"/>
</kw>
<kw name="Wait Until Page Contains Element" library="SeleniumLibrary">
<arg>${Marketplace_link}</arg>
<doc>Waits until the element ``locator`` appears on the current page.</doc>
<msg timestamp="20220810 10:52:24.314" level="INFO" html="true">&lt;/td&gt;&lt;/tr&gt;&lt;tr&gt;&lt;td colspan="3"&gt;&lt;a href="selenium-screenshot-1.png"&gt;&lt;img src="selenium-screenshot-1.png" width="800px"&gt;&lt;/a&gt;</msg>
<msg timestamp="20220810 10:52:24.315" level="FAIL">Element 'xpath:(//p[normalize-space()='Marketplace'])' did not appear in 5 seconds.</msg>
<status status="FAIL" starttime="20220810 10:52:19.010" endtime="20220810 10:52:24.356"/>
</kw>
<kw name="Wait Until Page Contains Element" library="SeleniumLibrary">
<arg>${Home_link}</arg>
<doc>Waits until the element ``locator`` appears on the current page.</doc>
<status status="NOT RUN" starttime="20220810 10:52:24.357" endtime="20220810 10:52:24.357"/>
</kw>
<kw name="Wait Until Page Contains Element" library="SeleniumLibrary">
<arg>${Inbox_link}</arg>
<doc>Waits until the element ``locator`` appears on the current page.</doc>
<status status="NOT RUN" starttime="20220810 10:52:24.358" endtime="20220810 10:52:24.358"/>
</kw>
<kw name="Wait Until Page Contains Element" library="SeleniumLibrary">
<arg>${Service_Planner_link}</arg>
<doc>Waits until the element ``locator`` appears on the current page.</doc>
<status status="NOT RUN" starttime="20220810 10:52:24.358" endtime="20220810 10:52:24.358"/>
</kw>
<kw name="Wait Until Page Contains Element" library="SeleniumLibrary">
<arg>${Properties_link}</arg>
<doc>Waits until the element ``locator`` appears on the current page.</doc>
<status status="NOT RUN" starttime="20220810 10:52:24.358" endtime="20220810 10:52:24.359"/>
</kw>
<kw name="Wait Until Page Contains Element" library="SeleniumLibrary">
<arg>${Preferred_Vendors_link}</arg>
<doc>Waits until the element ``locator`` appears on the current page.</doc>
<status status="NOT RUN" starttime="20220810 10:52:24.359" endtime="20220810 10:52:24.359"/>
</kw>
<kw name="Wait Until Page Contains Element" library="SeleniumLibrary">
<arg>${Quote_Requests_link}</arg>
<doc>Waits until the element ``locator`` appears on the current page.</doc>
<status status="NOT RUN" starttime="20220810 10:52:24.360" endtime="20220810 10:52:24.360"/>
</kw>
<kw name="Click Element" library="SeleniumLibrary">
<arg>${Marketplace_link}</arg>
<doc>Click the element identified by ``locator``.</doc>
<status status="NOT RUN" starttime="20220810 10:52:24.360" endtime="20220810 10:52:24.360"/>
</kw>
<status status="FAIL" starttime="20220810 10:52:18.796" endtime="20220810 10:52:24.361"/>
</kw>
<kw name="Navigate to Markeplace and verify Page contents">
<status status="NOT RUN" starttime="20220810 10:52:24.362" endtime="20220810 10:52:24.362"/>
</kw>
<kw name="Validate invite Vendors">
<status status="NOT RUN" starttime="20220810 10:52:24.363" endtime="20220810 10:52:24.363"/>
</kw>
<kw name="Fill the RFQ Get Started">
<status status="NOT RUN" starttime="20220810 10:52:24.363" endtime="20220810 10:52:24.363"/>
</kw>
<kw name="Fill the Dates">
<status status="NOT RUN" starttime="20220810 10:52:24.363" endtime="20220810 10:52:24.364"/>
</kw>
<kw name="Verify Scope of Work">
<status status="NOT RUN" starttime="20220810 10:52:24.365" endtime="20220810 10:52:24.365"/>
</kw>
<kw name="Fill the Scope of Work">
<status status="NOT RUN" starttime="20220810 10:52:24.365" endtime="20220810 10:52:24.365"/>
</kw>
<kw name="Select Vendors">
<status status="NOT RUN" starttime="20220810 10:52:24.366" endtime="20220810 10:52:24.366"/>
</kw>
<kw name="Review and Submit">
<status status="NOT RUN" starttime="20220810 10:52:24.366" endtime="20220810 10:52:24.366"/>
</kw>
<status status="FAIL" starttime="20220810 10:52:01.969" endtime="20220810 10:52:24.367">Element 'xpath:(//p[normalize-space()='Marketplace'])' did not appear in 5 seconds.</status>
</test>
<doc>To validate the login page</doc>
<status status="FAIL" starttime="20220810 10:52:01.569" endtime="20220810 10:52:24.369"/>
</suite>
<status status="FAIL" starttime="20220810 10:52:01.548" endtime="20220810 10:52:24.370"/>
</suite>
<statistics>
<total>
<stat pass="0" fail="1" skip="0">All Tests</stat>
</total>
<tag>
</tag>
<suite>
<stat pass="0" fail="1" skip="0" id="s1" name="Test">Test</stat>
<stat pass="0" fail="1" skip="0" id="s1-s1" name="MarketPlaceRFQonetime">Test.MarketPlaceRFQonetime</stat>
</suite>
</statistics>
<errors>
</errors>
</robot>
